<?xml version="1.0" encoding="UTF-8"?>
<!-- Generated by org.testng.reporters.JUnitReportReporter -->
<testsuite skipped="0" hostname="DESKTOP-3T3V9TB" name="com.qa.rest.tests.GetCallBDD" tests="1" failures="0" timestamp="06 Mar 2019 18:07:14 GMT" time="15.719" errors="0">
  <testcase name="test_numberof" time="15.719" classname="com.qa.rest.tests.GetCallBDD"/>
</testsuite> <!-- com.qa.rest.tests.GetCallBDD -->
